01:55:11:0607 [com.cadence.mdv.imc.Main] [main] INFO  - Binding debug tools http on port: 42574
01:55:12:0244 [com.cadence.mdv.bl.impl.core.blNative.MDVEntitySimpleFallbackHandler] [BLNativeThread-1] ERROR - Slim entity had to fallback because someone asked about CROSS_DIMENSIONS
01:55:12:0246 [com.cadence.mdv.bl.impl.core.blNative.MDVEntitySimpleFallbackHandler] [BLNativeThread-1] ERROR - Slim entity had to fallback because someone asked about CROSS_DIMENSIONS
01:55:12:0247 [com.cadence.mdv.bl.impl.core.blNative.MDVEntitySimpleFallbackHandler] [BLNativeThread-1] ERROR - Slim entity had to fallback because someone asked about CROSS_DIMENSIONS
01:55:12:0247 [com.cadence.mdv.bl.impl.core.blNative.MDVEntitySimpleFallbackHandler] [BLNativeThread-1] ERROR - Slim entity had to fallback because someone asked about CROSS_DIMENSIONS
01:55:12:0249 [com.cadence.mdv.bl.impl.core.blNative.MDVEntitySimpleFallbackHandler] [BLNativeThread-1] ERROR - Slim entity had to fallback because someone asked about CROSS_DIMENSIONS
01:55:12:0250 [com.cadence.mdv.bl.impl.core.blNative.MDVEntitySimpleFallbackHandler] [BLNativeThread-1] ERROR - Slim entity had to fallback because someone asked about CROSS_DIMENSIONS
01:55:12:0252 [com.cadence.mdv.bl.impl.core.blNative.MDVEntitySimpleFallbackHandler] [BLNativeThread-1] ERROR - Slim entity had to fallback because someone asked about CROSS_DIMENSIONS
02:01:58:0885 [com.cadence.mdv.imc.Main] [main] INFO  - Binding debug tools http on port: 39021
02:01:59:0456 [com.cadence.mdv.bl.impl.core.blNative.MDVEntitySimpleFallbackHandler] [BLNativeThread-1] ERROR - Slim entity had to fallback because someone asked about CROSS_DIMENSIONS
02:01:59:0458 [com.cadence.mdv.bl.impl.core.blNative.MDVEntitySimpleFallbackHandler] [BLNativeThread-1] ERROR - Slim entity had to fallback because someone asked about CROSS_DIMENSIONS
02:01:59:0459 [com.cadence.mdv.bl.impl.core.blNative.MDVEntitySimpleFallbackHandler] [BLNativeThread-1] ERROR - Slim entity had to fallback because someone asked about CROSS_DIMENSIONS
02:01:59:0460 [com.cadence.mdv.bl.impl.core.blNative.MDVEntitySimpleFallbackHandler] [BLNativeThread-1] ERROR - Slim entity had to fallback because someone asked about CROSS_DIMENSIONS
02:01:59:0461 [com.cadence.mdv.bl.impl.core.blNative.MDVEntitySimpleFallbackHandler] [BLNativeThread-1] ERROR - Slim entity had to fallback because someone asked about CROSS_DIMENSIONS
02:01:59:0462 [com.cadence.mdv.bl.impl.core.blNative.MDVEntitySimpleFallbackHandler] [BLNativeThread-1] ERROR - Slim entity had to fallback because someone asked about CROSS_DIMENSIONS
02:01:59:0464 [com.cadence.mdv.bl.impl.core.blNative.MDVEntitySimpleFallbackHandler] [BLNativeThread-1] ERROR - Slim entity had to fallback because someone asked about CROSS_DIMENSIONS
02:01:59:0509 [com.cadence.mdv.cli.engine.CLIEnvironment] [BLNativeThread-1] ERROR - command reportMetricsIMC failed

report.dir_exist: Report dir '/home/Evd19i017/uvm_project_ahbapb/ahb_apb_bridge_report' already exist.
	at com.cadence.mdv.report.MDVReportServicesImpl.prepareDirectory(MDVReportServicesImpl.java:3136)
	at com.cadence.mdv.report.MDVReportServicesImpl.generateDynamicMetricsReport(MDVReportServicesImpl.java:679)
	at com.cadence.mdv.report.MDVReportServicesImpl.generateMetricsReport(MDVReportServicesImpl.java:897)
	at com.cadence.mdv.cli.commands.ReportMetricsIMCCmd.internalInvoke(ReportMetricsIMCCmd.java:84)
	at com.cadence.mdv.cli.commands.BaseCliJavaCMD.invoke(BaseCliJavaCMD.java:152)
	at com.cadence.mdv.cli.commands.BaseCliJavaCMD.invoke(BaseCliJavaCMD.java:157)
	at com.cadence.mdv.cli.engine.CLIEnvironment.runJavaCmd(CLIEnvironment.java:225)
	at com.cadence.mdv.bl.impl.core.blNative.BLNative.runCommandNative(Native Method)
	at com.cadence.mdv.bl.impl.core.blNative.BLNative.access$36(BLNative.java:1730)
	at com.cadence.mdv.bl.impl.core.blNative.BLNative$76.callInternal(BLNative.java:1745)
	at com.cadence.mdv.util.CallableWithSource.call(CallableWithSource.java:25)
	at com.cadence.mdv.central.tools.SystemInterThreadCommXRegistry.lambda$wrap$1(SystemInterThreadCommXRegistry.java:61)
	at java.util.concurrent.FutureTask.run(FutureTask.java:266)
	at java.util.concurrent.ThreadPoolExecutor.runWorker(ThreadPoolExecutor.java:1149)
	at java.util.concurrent.ThreadPoolExecutor$Worker.run(ThreadPoolExecutor.java:624)
	at java.lang.Thread.run(Thread.java:748)
02:01:59:0512 [com.cadence.mdv.messaging.MDVASynchronicMessaging] [frontend-pool-2] ERROR - Report dir '/home/Evd19i017/uvm_project_ahbapb/ahb_apb_bridge_report' already exist.
02:03:26:0060 [com.cadence.mdv.imc.Main] [main] INFO  - Binding debug tools http on port: 38915
02:03:26:0617 [com.cadence.mdv.bl.impl.core.blNative.MDVEntitySimpleFallbackHandler] [BLNativeThread-1] ERROR - Slim entity had to fallback because someone asked about CROSS_DIMENSIONS
02:03:26:0620 [com.cadence.mdv.bl.impl.core.blNative.MDVEntitySimpleFallbackHandler] [BLNativeThread-1] ERROR - Slim entity had to fallback because someone asked about CROSS_DIMENSIONS
02:03:26:0621 [com.cadence.mdv.bl.impl.core.blNative.MDVEntitySimpleFallbackHandler] [BLNativeThread-1] ERROR - Slim entity had to fallback because someone asked about CROSS_DIMENSIONS
02:03:26:0621 [com.cadence.mdv.bl.impl.core.blNative.MDVEntitySimpleFallbackHandler] [BLNativeThread-1] ERROR - Slim entity had to fallback because someone asked about CROSS_DIMENSIONS
02:03:26:0623 [com.cadence.mdv.bl.impl.core.blNative.MDVEntitySimpleFallbackHandler] [BLNativeThread-1] ERROR - Slim entity had to fallback because someone asked about CROSS_DIMENSIONS
02:03:26:0624 [com.cadence.mdv.bl.impl.core.blNative.MDVEntitySimpleFallbackHandler] [BLNativeThread-1] ERROR - Slim entity had to fallback because someone asked about CROSS_DIMENSIONS
02:03:26:0625 [com.cadence.mdv.bl.impl.core.blNative.MDVEntitySimpleFallbackHandler] [BLNativeThread-1] ERROR - Slim entity had to fallback because someone asked about CROSS_DIMENSIONS
02:13:57:0732 [com.cadence.mdv.imc.Main] [main] INFO  - Binding debug tools http on port: 45783
02:13:58:0276 [com.cadence.mdv.bl.impl.core.blNative.MDVEntitySimpleFallbackHandler] [BLNativeThread-1] ERROR - Slim entity had to fallback because someone asked about CROSS_DIMENSIONS
02:13:58:0279 [com.cadence.mdv.bl.impl.core.blNative.MDVEntitySimpleFallbackHandler] [BLNativeThread-1] ERROR - Slim entity had to fallback because someone asked about CROSS_DIMENSIONS
02:13:58:0279 [com.cadence.mdv.bl.impl.core.blNative.MDVEntitySimpleFallbackHandler] [BLNativeThread-1] ERROR - Slim entity had to fallback because someone asked about CROSS_DIMENSIONS
02:13:58:0280 [com.cadence.mdv.bl.impl.core.blNative.MDVEntitySimpleFallbackHandler] [BLNativeThread-1] ERROR - Slim entity had to fallback because someone asked about CROSS_DIMENSIONS
02:13:58:0282 [com.cadence.mdv.bl.impl.core.blNative.MDVEntitySimpleFallbackHandler] [BLNativeThread-1] ERROR - Slim entity had to fallback because someone asked about CROSS_DIMENSIONS
02:13:58:0283 [com.cadence.mdv.bl.impl.core.blNative.MDVEntitySimpleFallbackHandler] [BLNativeThread-1] ERROR - Slim entity had to fallback because someone asked about CROSS_DIMENSIONS
02:13:58:0284 [com.cadence.mdv.bl.impl.core.blNative.MDVEntitySimpleFallbackHandler] [BLNativeThread-1] ERROR - Slim entity had to fallback because someone asked about CROSS_DIMENSIONS
02:16:24:0644 [com.cadence.mdv.imc.Main] [main] INFO  - Binding debug tools http on port: 33356
02:16:25:0188 [com.cadence.mdv.bl.impl.core.blNative.MDVEntitySimpleFallbackHandler] [BLNativeThread-1] ERROR - Slim entity had to fallback because someone asked about CROSS_DIMENSIONS
02:16:25:0191 [com.cadence.mdv.bl.impl.core.blNative.MDVEntitySimpleFallbackHandler] [BLNativeThread-1] ERROR - Slim entity had to fallback because someone asked about CROSS_DIMENSIONS
02:16:25:0191 [com.cadence.mdv.bl.impl.core.blNative.MDVEntitySimpleFallbackHandler] [BLNativeThread-1] ERROR - Slim entity had to fallback because someone asked about CROSS_DIMENSIONS
02:16:25:0192 [com.cadence.mdv.bl.impl.core.blNative.MDVEntitySimpleFallbackHandler] [BLNativeThread-1] ERROR - Slim entity had to fallback because someone asked about CROSS_DIMENSIONS
02:16:25:0194 [com.cadence.mdv.bl.impl.core.blNative.MDVEntitySimpleFallbackHandler] [BLNativeThread-1] ERROR - Slim entity had to fallback because someone asked about CROSS_DIMENSIONS
02:16:25:0195 [com.cadence.mdv.bl.impl.core.blNative.MDVEntitySimpleFallbackHandler] [BLNativeThread-1] ERROR - Slim entity had to fallback because someone asked about CROSS_DIMENSIONS
02:16:25:0196 [com.cadence.mdv.bl.impl.core.blNative.MDVEntitySimpleFallbackHandler] [BLNativeThread-1] ERROR - Slim entity had to fallback because someone asked about CROSS_DIMENSIONS
02:25:41:0949 [com.cadence.mdv.imc.Main] [main] INFO  - Binding debug tools http on port: 45919
02:25:42:0496 [com.cadence.mdv.bl.impl.core.blNative.MDVEntitySimpleFallbackHandler] [BLNativeThread-1] ERROR - Slim entity had to fallback because someone asked about CROSS_DIMENSIONS
02:25:42:0499 [com.cadence.mdv.bl.impl.core.blNative.MDVEntitySimpleFallbackHandler] [BLNativeThread-1] ERROR - Slim entity had to fallback because someone asked about CROSS_DIMENSIONS
02:25:42:0499 [com.cadence.mdv.bl.impl.core.blNative.MDVEntitySimpleFallbackHandler] [BLNativeThread-1] ERROR - Slim entity had to fallback because someone asked about CROSS_DIMENSIONS
02:25:42:0500 [com.cadence.mdv.bl.impl.core.blNative.MDVEntitySimpleFallbackHandler] [BLNativeThread-1] ERROR - Slim entity had to fallback because someone asked about CROSS_DIMENSIONS
02:25:42:0502 [com.cadence.mdv.bl.impl.core.blNative.MDVEntitySimpleFallbackHandler] [BLNativeThread-1] ERROR - Slim entity had to fallback because someone asked about CROSS_DIMENSIONS
02:25:42:0503 [com.cadence.mdv.bl.impl.core.blNative.MDVEntitySimpleFallbackHandler] [BLNativeThread-1] ERROR - Slim entity had to fallback because someone asked about CROSS_DIMENSIONS
02:25:42:0504 [com.cadence.mdv.bl.impl.core.blNative.MDVEntitySimpleFallbackHandler] [BLNativeThread-1] ERROR - Slim entity had to fallback because someone asked about CROSS_DIMENSIONS
02:26:42:0578 [com.cadence.mdv.imc.Main] [main] INFO  - Binding debug tools http on port: 42314
02:26:43:0173 [com.cadence.mdv.bl.impl.core.blNative.MDVEntitySimpleFallbackHandler] [BLNativeThread-1] ERROR - Slim entity had to fallback because someone asked about CROSS_DIMENSIONS
02:26:43:0176 [com.cadence.mdv.bl.impl.core.blNative.MDVEntitySimpleFallbackHandler] [BLNativeThread-1] ERROR - Slim entity had to fallback because someone asked about CROSS_DIMENSIONS
02:26:43:0176 [com.cadence.mdv.bl.impl.core.blNative.MDVEntitySimpleFallbackHandler] [BLNativeThread-1] ERROR - Slim entity had to fallback because someone asked about CROSS_DIMENSIONS
02:26:43:0177 [com.cadence.mdv.bl.impl.core.blNative.MDVEntitySimpleFallbackHandler] [BLNativeThread-1] ERROR - Slim entity had to fallback because someone asked about CROSS_DIMENSIONS
02:26:43:0178 [com.cadence.mdv.bl.impl.core.blNative.MDVEntitySimpleFallbackHandler] [BLNativeThread-1] ERROR - Slim entity had to fallback because someone asked about CROSS_DIMENSIONS
02:26:43:0179 [com.cadence.mdv.bl.impl.core.blNative.MDVEntitySimpleFallbackHandler] [BLNativeThread-1] ERROR - Slim entity had to fallback because someone asked about CROSS_DIMENSIONS
02:26:43:0181 [com.cadence.mdv.bl.impl.core.blNative.MDVEntitySimpleFallbackHandler] [BLNativeThread-1] ERROR - Slim entity had to fallback because someone asked about CROSS_DIMENSIONS
02:26:43:0227 [com.cadence.mdv.cli.engine.CLIEnvironment] [BLNativeThread-1] ERROR - command reportMetricsIMC failed

report.dir_exist: Report dir '/home/Evd19i017/uvm_project_ahbapb/ahb_apb_bridge_report' already exist.
	at com.cadence.mdv.report.MDVReportServicesImpl.prepareDirectory(MDVReportServicesImpl.java:3136)
	at com.cadence.mdv.report.MDVReportServicesImpl.generateDynamicMetricsReport(MDVReportServicesImpl.java:679)
	at com.cadence.mdv.report.MDVReportServicesImpl.generateMetricsReport(MDVReportServicesImpl.java:897)
	at com.cadence.mdv.cli.commands.ReportMetricsIMCCmd.internalInvoke(ReportMetricsIMCCmd.java:84)
	at com.cadence.mdv.cli.commands.BaseCliJavaCMD.invoke(BaseCliJavaCMD.java:152)
	at com.cadence.mdv.cli.commands.BaseCliJavaCMD.invoke(BaseCliJavaCMD.java:157)
	at com.cadence.mdv.cli.engine.CLIEnvironment.runJavaCmd(CLIEnvironment.java:225)
	at com.cadence.mdv.bl.impl.core.blNative.BLNative.runCommandNative(Native Method)
	at com.cadence.mdv.bl.impl.core.blNative.BLNative.access$36(BLNative.java:1730)
	at com.cadence.mdv.bl.impl.core.blNative.BLNative$76.callInternal(BLNative.java:1745)
	at com.cadence.mdv.util.CallableWithSource.call(CallableWithSource.java:25)
	at com.cadence.mdv.central.tools.SystemInterThreadCommXRegistry.lambda$wrap$1(SystemInterThreadCommXRegistry.java:61)
	at java.util.concurrent.FutureTask.run(FutureTask.java:266)
	at java.util.concurrent.ThreadPoolExecutor.runWorker(ThreadPoolExecutor.java:1149)
	at java.util.concurrent.ThreadPoolExecutor$Worker.run(ThreadPoolExecutor.java:624)
	at java.lang.Thread.run(Thread.java:748)
02:26:43:0230 [com.cadence.mdv.messaging.MDVASynchronicMessaging] [frontend-pool-1] ERROR - Report dir '/home/Evd19i017/uvm_project_ahbapb/ahb_apb_bridge_report' already exist.
02:35:52:0552 [com.cadence.mdv.messaging.MDVASynchronicMessaging] [frontend-pool-13] ERROR - Cannot create file ./merged_report. Make sure that the parent directory has write permission, and rerun the command	   
15:13:59:0986 [com.cadence.mdv.imc.Main] [main] INFO  - Binding debug tools http on port: 37765
15:14:00:0530 [com.cadence.mdv.bl.impl.core.blNative.MDVEntitySimpleFallbackHandler] [BLNativeThread-1] ERROR - Slim entity had to fallback because someone asked about CROSS_DIMENSIONS
15:14:00:0533 [com.cadence.mdv.bl.impl.core.blNative.MDVEntitySimpleFallbackHandler] [BLNativeThread-1] ERROR - Slim entity had to fallback because someone asked about CROSS_DIMENSIONS
15:14:00:0533 [com.cadence.mdv.bl.impl.core.blNative.MDVEntitySimpleFallbackHandler] [BLNativeThread-1] ERROR - Slim entity had to fallback because someone asked about CROSS_DIMENSIONS
15:14:00:0534 [com.cadence.mdv.bl.impl.core.blNative.MDVEntitySimpleFallbackHandler] [BLNativeThread-1] ERROR - Slim entity had to fallback because someone asked about CROSS_DIMENSIONS
15:14:00:0535 [com.cadence.mdv.bl.impl.core.blNative.MDVEntitySimpleFallbackHandler] [BLNativeThread-1] ERROR - Slim entity had to fallback because someone asked about CROSS_DIMENSIONS
15:14:00:0536 [com.cadence.mdv.bl.impl.core.blNative.MDVEntitySimpleFallbackHandler] [BLNativeThread-1] ERROR - Slim entity had to fallback because someone asked about CROSS_DIMENSIONS
15:14:00:0538 [com.cadence.mdv.bl.impl.core.blNative.MDVEntitySimpleFallbackHandler] [BLNativeThread-1] ERROR - Slim entity had to fallback because someone asked about CROSS_DIMENSIONS
15:14:00:0584 [com.cadence.mdv.cli.engine.CLIEnvironment] [BLNativeThread-1] ERROR - command reportMetricsIMC failed

report.dir_exist: Report dir '/home/Evd19i017/uvm_project_ahbapb/ahb_apb_bridge_report' already exist.
	at com.cadence.mdv.report.MDVReportServicesImpl.prepareDirectory(MDVReportServicesImpl.java:3136)
	at com.cadence.mdv.report.MDVReportServicesImpl.generateDynamicMetricsReport(MDVReportServicesImpl.java:679)
	at com.cadence.mdv.report.MDVReportServicesImpl.generateMetricsReport(MDVReportServicesImpl.java:897)
	at com.cadence.mdv.cli.commands.ReportMetricsIMCCmd.internalInvoke(ReportMetricsIMCCmd.java:84)
	at com.cadence.mdv.cli.commands.BaseCliJavaCMD.invoke(BaseCliJavaCMD.java:152)
	at com.cadence.mdv.cli.commands.BaseCliJavaCMD.invoke(BaseCliJavaCMD.java:157)
	at com.cadence.mdv.cli.engine.CLIEnvironment.runJavaCmd(CLIEnvironment.java:225)
	at com.cadence.mdv.bl.impl.core.blNative.BLNative.runCommandNative(Native Method)
	at com.cadence.mdv.bl.impl.core.blNative.BLNative.access$36(BLNative.java:1730)
	at com.cadence.mdv.bl.impl.core.blNative.BLNative$76.callInternal(BLNative.java:1745)
	at com.cadence.mdv.util.CallableWithSource.call(CallableWithSource.java:25)
	at com.cadence.mdv.central.tools.SystemInterThreadCommXRegistry.lambda$wrap$1(SystemInterThreadCommXRegistry.java:61)
	at java.util.concurrent.FutureTask.run(FutureTask.java:266)
	at java.util.concurrent.ThreadPoolExecutor.runWorker(ThreadPoolExecutor.java:1149)
	at java.util.concurrent.ThreadPoolExecutor$Worker.run(ThreadPoolExecutor.java:624)
	at java.lang.Thread.run(Thread.java:748)
15:14:00:0586 [com.cadence.mdv.messaging.MDVASynchronicMessaging] [frontend-pool-1] ERROR - Report dir '/home/Evd19i017/uvm_project_ahbapb/ahb_apb_bridge_report' already exist.
15:14:24:0524 [com.cadence.mdv.imc.Main] [main] INFO  - Binding debug tools http on port: 42600
15:14:24:0776 [com.cadence.mdv.messaging.MDVASynchronicMessaging] [frontend-pool-1] ERROR - Directory 'cov_work/scope/test' not found. Verify the existence of the specified directory, and rerun the command
15:14:55:0140 [com.cadence.mdv.imc.Main] [main] INFO  - Binding debug tools http on port: 40004
15:14:55:0397 [com.cadence.mdv.messaging.MDVASynchronicMessaging] [frontend-pool-1] ERROR - Directory 'cov_work/scope/test' not found. Verify the existence of the specified directory, and rerun the command
15:16:08:0308 [com.cadence.mdv.imc.Main] [main] INFO  - Binding debug tools http on port: 35530
15:16:08:0566 [com.cadence.mdv.messaging.MDVASynchronicMessaging] [frontend-pool-1] ERROR - Directory 'cov_work/scope/test' not found. Verify the existence of the specified directory, and rerun the command
15:16:54:0498 [com.cadence.mdv.imc.Main] [main] INFO  - Binding debug tools http on port: 42943
15:16:54:0755 [com.cadence.mdv.messaging.MDVASynchronicMessaging] [frontend-pool-1] ERROR - Directory 'cov_work/scope/test' not found. Verify the existence of the specified directory, and rerun the command
15:17:54:0650 [com.cadence.mdv.imc.Main] [main] INFO  - Binding debug tools http on port: 36523
15:17:55:0185 [com.cadence.mdv.bl.impl.core.blNative.MDVEntitySimpleFallbackHandler] [BLNativeThread-1] ERROR - Slim entity had to fallback because someone asked about CROSS_DIMENSIONS
15:17:55:0187 [com.cadence.mdv.bl.impl.core.blNative.MDVEntitySimpleFallbackHandler] [BLNativeThread-1] ERROR - Slim entity had to fallback because someone asked about CROSS_DIMENSIONS
15:17:55:0188 [com.cadence.mdv.bl.impl.core.blNative.MDVEntitySimpleFallbackHandler] [BLNativeThread-1] ERROR - Slim entity had to fallback because someone asked about CROSS_DIMENSIONS
15:17:55:0189 [com.cadence.mdv.bl.impl.core.blNative.MDVEntitySimpleFallbackHandler] [BLNativeThread-1] ERROR - Slim entity had to fallback because someone asked about CROSS_DIMENSIONS
15:17:55:0190 [com.cadence.mdv.bl.impl.core.blNative.MDVEntitySimpleFallbackHandler] [BLNativeThread-1] ERROR - Slim entity had to fallback because someone asked about CROSS_DIMENSIONS
15:17:55:0191 [com.cadence.mdv.bl.impl.core.blNative.MDVEntitySimpleFallbackHandler] [BLNativeThread-1] ERROR - Slim entity had to fallback because someone asked about CROSS_DIMENSIONS
15:17:55:0193 [com.cadence.mdv.bl.impl.core.blNative.MDVEntitySimpleFallbackHandler] [BLNativeThread-1] ERROR - Slim entity had to fallback because someone asked about CROSS_DIMENSIONS
15:24:31:0778 [com.cadence.mdv.imc.Main] [main] INFO  - Binding debug tools http on port: 43154
15:24:32:0028 [com.cadence.mdv.messaging.MDVASynchronicMessaging] [frontend-pool-1] ERROR - Directory 'cov_work/scope/test' not found. Verify the existence of the specified directory, and rerun the command
15:24:52:0172 [com.cadence.mdv.imc.Main] [main] INFO  - Binding debug tools http on port: 33844
15:24:52:0427 [com.cadence.mdv.messaging.MDVASynchronicMessaging] [frontend-pool-1] ERROR - Directory 'cov_work/scope/test' not found. Verify the existence of the specified directory, and rerun the command
15:26:55:0958 [com.cadence.mdv.imc.Main] [main] INFO  - Binding debug tools http on port: 34184
15:26:56:0489 [com.cadence.mdv.bl.impl.core.blNative.MDVEntitySimpleFallbackHandler] [BLNativeThread-1] ERROR - Slim entity had to fallback because someone asked about CROSS_DIMENSIONS
15:26:56:0492 [com.cadence.mdv.bl.impl.core.blNative.MDVEntitySimpleFallbackHandler] [BLNativeThread-1] ERROR - Slim entity had to fallback because someone asked about CROSS_DIMENSIONS
15:26:56:0493 [com.cadence.mdv.bl.impl.core.blNative.MDVEntitySimpleFallbackHandler] [BLNativeThread-1] ERROR - Slim entity had to fallback because someone asked about CROSS_DIMENSIONS
15:26:56:0493 [com.cadence.mdv.bl.impl.core.blNative.MDVEntitySimpleFallbackHandler] [BLNativeThread-1] ERROR - Slim entity had to fallback because someone asked about CROSS_DIMENSIONS
15:26:56:0495 [com.cadence.mdv.bl.impl.core.blNative.MDVEntitySimpleFallbackHandler] [BLNativeThread-1] ERROR - Slim entity had to fallback because someone asked about CROSS_DIMENSIONS
15:26:56:0496 [com.cadence.mdv.bl.impl.core.blNative.MDVEntitySimpleFallbackHandler] [BLNativeThread-1] ERROR - Slim entity had to fallback because someone asked about CROSS_DIMENSIONS
15:26:56:0497 [com.cadence.mdv.bl.impl.core.blNative.MDVEntitySimpleFallbackHandler] [BLNativeThread-1] ERROR - Slim entity had to fallback because someone asked about CROSS_DIMENSIONS
15:29:25:0748 [com.cadence.mdv.imc.Main] [main] INFO  - Binding debug tools http on port: 44042
15:29:26:0283 [com.cadence.mdv.bl.impl.core.blNative.MDVEntitySimpleFallbackHandler] [BLNativeThread-1] ERROR - Slim entity had to fallback because someone asked about CROSS_DIMENSIONS
15:29:26:0285 [com.cadence.mdv.bl.impl.core.blNative.MDVEntitySimpleFallbackHandler] [BLNativeThread-1] ERROR - Slim entity had to fallback because someone asked about CROSS_DIMENSIONS
15:29:26:0286 [com.cadence.mdv.bl.impl.core.blNative.MDVEntitySimpleFallbackHandler] [BLNativeThread-1] ERROR - Slim entity had to fallback because someone asked about CROSS_DIMENSIONS
15:29:26:0287 [com.cadence.mdv.bl.impl.core.blNative.MDVEntitySimpleFallbackHandler] [BLNativeThread-1] ERROR - Slim entity had to fallback because someone asked about CROSS_DIMENSIONS
15:29:26:0288 [com.cadence.mdv.bl.impl.core.blNative.MDVEntitySimpleFallbackHandler] [BLNativeThread-1] ERROR - Slim entity had to fallback because someone asked about CROSS_DIMENSIONS
15:29:26:0289 [com.cadence.mdv.bl.impl.core.blNative.MDVEntitySimpleFallbackHandler] [BLNativeThread-1] ERROR - Slim entity had to fallback because someone asked about CROSS_DIMENSIONS
15:29:26:0291 [com.cadence.mdv.bl.impl.core.blNative.MDVEntitySimpleFallbackHandler] [BLNativeThread-1] ERROR - Slim entity had to fallback because someone asked about CROSS_DIMENSIONS
15:56:38:0681 [com.cadence.mdv.imc.Main] [main] INFO  - Binding debug tools http on port: 46790
15:56:39:0206 [com.cadence.mdv.bl.impl.core.blNative.MDVEntitySimpleFallbackHandler] [BLNativeThread-1] ERROR - Slim entity had to fallback because someone asked about CROSS_DIMENSIONS
15:56:39:0209 [com.cadence.mdv.bl.impl.core.blNative.MDVEntitySimpleFallbackHandler] [BLNativeThread-1] ERROR - Slim entity had to fallback because someone asked about CROSS_DIMENSIONS
15:56:39:0210 [com.cadence.mdv.bl.impl.core.blNative.MDVEntitySimpleFallbackHandler] [BLNativeThread-1] ERROR - Slim entity had to fallback because someone asked about CROSS_DIMENSIONS
15:56:39:0211 [com.cadence.mdv.bl.impl.core.blNative.MDVEntitySimpleFallbackHandler] [BLNativeThread-1] ERROR - Slim entity had to fallback because someone asked about CROSS_DIMENSIONS
15:56:39:0212 [com.cadence.mdv.bl.impl.core.blNative.MDVEntitySimpleFallbackHandler] [BLNativeThread-1] ERROR - Slim entity had to fallback because someone asked about CROSS_DIMENSIONS
15:56:39:0213 [com.cadence.mdv.bl.impl.core.blNative.MDVEntitySimpleFallbackHandler] [BLNativeThread-1] ERROR - Slim entity had to fallback because someone asked about CROSS_DIMENSIONS
15:56:39:0215 [com.cadence.mdv.bl.impl.core.blNative.MDVEntitySimpleFallbackHandler] [BLNativeThread-1] ERROR - Slim entity had to fallback because someone asked about CROSS_DIMENSIONS
15:57:18:0017 [com.cadence.mdv.imc.Main] [main] INFO  - Binding debug tools http on port: 45352
15:57:18:0564 [com.cadence.mdv.bl.impl.core.blNative.MDVEntitySimpleFallbackHandler] [BLNativeThread-1] ERROR - Slim entity had to fallback because someone asked about CROSS_DIMENSIONS
15:57:18:0566 [com.cadence.mdv.bl.impl.core.blNative.MDVEntitySimpleFallbackHandler] [BLNativeThread-1] ERROR - Slim entity had to fallback because someone asked about CROSS_DIMENSIONS
15:57:18:0567 [com.cadence.mdv.bl.impl.core.blNative.MDVEntitySimpleFallbackHandler] [BLNativeThread-1] ERROR - Slim entity had to fallback because someone asked about CROSS_DIMENSIONS
15:57:18:0567 [com.cadence.mdv.bl.impl.core.blNative.MDVEntitySimpleFallbackHandler] [BLNativeThread-1] ERROR - Slim entity had to fallback because someone asked about CROSS_DIMENSIONS
15:57:18:0569 [com.cadence.mdv.bl.impl.core.blNative.MDVEntitySimpleFallbackHandler] [BLNativeThread-1] ERROR - Slim entity had to fallback because someone asked about CROSS_DIMENSIONS
15:57:18:0570 [com.cadence.mdv.bl.impl.core.blNative.MDVEntitySimpleFallbackHandler] [BLNativeThread-1] ERROR - Slim entity had to fallback because someone asked about CROSS_DIMENSIONS
15:57:18:0572 [com.cadence.mdv.bl.impl.core.blNative.MDVEntitySimpleFallbackHandler] [BLNativeThread-1] ERROR - Slim entity had to fallback because someone asked about CROSS_DIMENSIONS
15:58:12:0906 [com.cadence.mdv.imc.Main] [main] INFO  - Binding debug tools http on port: 38932
15:58:13:0453 [com.cadence.mdv.bl.impl.core.blNative.MDVEntitySimpleFallbackHandler] [BLNativeThread-1] ERROR - Slim entity had to fallback because someone asked about CROSS_DIMENSIONS
15:58:13:0455 [com.cadence.mdv.bl.impl.core.blNative.MDVEntitySimpleFallbackHandler] [BLNativeThread-1] ERROR - Slim entity had to fallback because someone asked about CROSS_DIMENSIONS
15:58:13:0456 [com.cadence.mdv.bl.impl.core.blNative.MDVEntitySimpleFallbackHandler] [BLNativeThread-1] ERROR - Slim entity had to fallback because someone asked about CROSS_DIMENSIONS
15:58:13:0457 [com.cadence.mdv.bl.impl.core.blNative.MDVEntitySimpleFallbackHandler] [BLNativeThread-1] ERROR - Slim entity had to fallback because someone asked about CROSS_DIMENSIONS
15:58:13:0458 [com.cadence.mdv.bl.impl.core.blNative.MDVEntitySimpleFallbackHandler] [BLNativeThread-1] ERROR - Slim entity had to fallback because someone asked about CROSS_DIMENSIONS
15:58:13:0459 [com.cadence.mdv.bl.impl.core.blNative.MDVEntitySimpleFallbackHandler] [BLNativeThread-1] ERROR - Slim entity had to fallback because someone asked about CROSS_DIMENSIONS
15:58:13:0461 [com.cadence.mdv.bl.impl.core.blNative.MDVEntitySimpleFallbackHandler] [BLNativeThread-1] ERROR - Slim entity had to fallback because someone asked about CROSS_DIMENSIONS
15:58:45:0898 [com.cadence.mdv.imc.Main] [main] INFO  - Binding debug tools http on port: 37328
15:58:46:0442 [com.cadence.mdv.bl.impl.core.blNative.MDVEntitySimpleFallbackHandler] [BLNativeThread-1] ERROR - Slim entity had to fallback because someone asked about CROSS_DIMENSIONS
15:58:46:0445 [com.cadence.mdv.bl.impl.core.blNative.MDVEntitySimpleFallbackHandler] [BLNativeThread-1] ERROR - Slim entity had to fallback because someone asked about CROSS_DIMENSIONS
15:58:46:0445 [com.cadence.mdv.bl.impl.core.blNative.MDVEntitySimpleFallbackHandler] [BLNativeThread-1] ERROR - Slim entity had to fallback because someone asked about CROSS_DIMENSIONS
15:58:46:0446 [com.cadence.mdv.bl.impl.core.blNative.MDVEntitySimpleFallbackHandler] [BLNativeThread-1] ERROR - Slim entity had to fallback because someone asked about CROSS_DIMENSIONS
15:58:46:0447 [com.cadence.mdv.bl.impl.core.blNative.MDVEntitySimpleFallbackHandler] [BLNativeThread-1] ERROR - Slim entity had to fallback because someone asked about CROSS_DIMENSIONS
15:58:46:0448 [com.cadence.mdv.bl.impl.core.blNative.MDVEntitySimpleFallbackHandler] [BLNativeThread-1] ERROR - Slim entity had to fallback because someone asked about CROSS_DIMENSIONS
15:58:46:0450 [com.cadence.mdv.bl.impl.core.blNative.MDVEntitySimpleFallbackHandler] [BLNativeThread-1] ERROR - Slim entity had to fallback because someone asked about CROSS_DIMENSIONS
16:29:10:0624 [com.cadence.mdv.imc.Main] [main] INFO  - Binding debug tools http on port: 36237
16:29:11:0160 [com.cadence.mdv.bl.impl.core.blNative.MDVEntitySimpleFallbackHandler] [BLNativeThread-1] ERROR - Slim entity had to fallback because someone asked about CROSS_DIMENSIONS
16:29:11:0162 [com.cadence.mdv.bl.impl.core.blNative.MDVEntitySimpleFallbackHandler] [BLNativeThread-1] ERROR - Slim entity had to fallback because someone asked about CROSS_DIMENSIONS
16:29:11:0163 [com.cadence.mdv.bl.impl.core.blNative.MDVEntitySimpleFallbackHandler] [BLNativeThread-1] ERROR - Slim entity had to fallback because someone asked about CROSS_DIMENSIONS
16:29:11:0164 [com.cadence.mdv.bl.impl.core.blNative.MDVEntitySimpleFallbackHandler] [BLNativeThread-1] ERROR - Slim entity had to fallback because someone asked about CROSS_DIMENSIONS
16:29:11:0165 [com.cadence.mdv.bl.impl.core.blNative.MDVEntitySimpleFallbackHandler] [BLNativeThread-1] ERROR - Slim entity had to fallback because someone asked about CROSS_DIMENSIONS
16:29:11:0166 [com.cadence.mdv.bl.impl.core.blNative.MDVEntitySimpleFallbackHandler] [BLNativeThread-1] ERROR - Slim entity had to fallback because someone asked about CROSS_DIMENSIONS
16:29:11:0168 [com.cadence.mdv.bl.impl.core.blNative.MDVEntitySimpleFallbackHandler] [BLNativeThread-1] ERROR - Slim entity had to fallback because someone asked about CROSS_DIMENSIONS
16:29:31:0125 [com.cadence.mdv.imc.Main] [main] INFO  - Binding debug tools http on port: 39782
16:29:31:0653 [com.cadence.mdv.bl.impl.core.blNative.MDVEntitySimpleFallbackHandler] [BLNativeThread-1] ERROR - Slim entity had to fallback because someone asked about CROSS_DIMENSIONS
16:29:31:0656 [com.cadence.mdv.bl.impl.core.blNative.MDVEntitySimpleFallbackHandler] [BLNativeThread-1] ERROR - Slim entity had to fallback because someone asked about CROSS_DIMENSIONS
16:29:31:0657 [com.cadence.mdv.bl.impl.core.blNative.MDVEntitySimpleFallbackHandler] [BLNativeThread-1] ERROR - Slim entity had to fallback because someone asked about CROSS_DIMENSIONS
16:29:31:0657 [com.cadence.mdv.bl.impl.core.blNative.MDVEntitySimpleFallbackHandler] [BLNativeThread-1] ERROR - Slim entity had to fallback because someone asked about CROSS_DIMENSIONS
16:29:31:0659 [com.cadence.mdv.bl.impl.core.blNative.MDVEntitySimpleFallbackHandler] [BLNativeThread-1] ERROR - Slim entity had to fallback because someone asked about CROSS_DIMENSIONS
16:29:31:0660 [com.cadence.mdv.bl.impl.core.blNative.MDVEntitySimpleFallbackHandler] [BLNativeThread-1] ERROR - Slim entity had to fallback because someone asked about CROSS_DIMENSIONS
16:29:31:0661 [com.cadence.mdv.bl.impl.core.blNative.MDVEntitySimpleFallbackHandler] [BLNativeThread-1] ERROR - Slim entity had to fallback because someone asked about CROSS_DIMENSIONS
16:29:53:0222 [com.cadence.mdv.imc.Main] [main] INFO  - Binding debug tools http on port: 36422
16:29:53:0761 [com.cadence.mdv.bl.impl.core.blNative.MDVEntitySimpleFallbackHandler] [BLNativeThread-1] ERROR - Slim entity had to fallback because someone asked about CROSS_DIMENSIONS
16:29:53:0763 [com.cadence.mdv.bl.impl.core.blNative.MDVEntitySimpleFallbackHandler] [BLNativeThread-1] ERROR - Slim entity had to fallback because someone asked about CROSS_DIMENSIONS
16:29:53:0764 [com.cadence.mdv.bl.impl.core.blNative.MDVEntitySimpleFallbackHandler] [BLNativeThread-1] ERROR - Slim entity had to fallback because someone asked about CROSS_DIMENSIONS
16:29:53:0764 [com.cadence.mdv.bl.impl.core.blNative.MDVEntitySimpleFallbackHandler] [BLNativeThread-1] ERROR - Slim entity had to fallback because someone asked about CROSS_DIMENSIONS
16:29:53:0766 [com.cadence.mdv.bl.impl.core.blNative.MDVEntitySimpleFallbackHandler] [BLNativeThread-1] ERROR - Slim entity had to fallback because someone asked about CROSS_DIMENSIONS
16:29:53:0767 [com.cadence.mdv.bl.impl.core.blNative.MDVEntitySimpleFallbackHandler] [BLNativeThread-1] ERROR - Slim entity had to fallback because someone asked about CROSS_DIMENSIONS
16:29:53:0768 [com.cadence.mdv.bl.impl.core.blNative.MDVEntitySimpleFallbackHandler] [BLNativeThread-1] ERROR - Slim entity had to fallback because someone asked about CROSS_DIMENSIONS
16:30:17:0133 [com.cadence.mdv.imc.Main] [main] INFO  - Binding debug tools http on port: 44387
16:30:17:0674 [com.cadence.mdv.bl.impl.core.blNative.MDVEntitySimpleFallbackHandler] [BLNativeThread-1] ERROR - Slim entity had to fallback because someone asked about CROSS_DIMENSIONS
16:30:17:0677 [com.cadence.mdv.bl.impl.core.blNative.MDVEntitySimpleFallbackHandler] [BLNativeThread-1] ERROR - Slim entity had to fallback because someone asked about CROSS_DIMENSIONS
16:30:17:0678 [com.cadence.mdv.bl.impl.core.blNative.MDVEntitySimpleFallbackHandler] [BLNativeThread-1] ERROR - Slim entity had to fallback because someone asked about CROSS_DIMENSIONS
16:30:17:0678 [com.cadence.mdv.bl.impl.core.blNative.MDVEntitySimpleFallbackHandler] [BLNativeThread-1] ERROR - Slim entity had to fallback because someone asked about CROSS_DIMENSIONS
16:30:17:0680 [com.cadence.mdv.bl.impl.core.blNative.MDVEntitySimpleFallbackHandler] [BLNativeThread-1] ERROR - Slim entity had to fallback because someone asked about CROSS_DIMENSIONS
16:30:17:0681 [com.cadence.mdv.bl.impl.core.blNative.MDVEntitySimpleFallbackHandler] [BLNativeThread-1] ERROR - Slim entity had to fallback because someone asked about CROSS_DIMENSIONS
16:30:17:0682 [com.cadence.mdv.bl.impl.core.blNative.MDVEntitySimpleFallbackHandler] [BLNativeThread-1] ERROR - Slim entity had to fallback because someone asked about CROSS_DIMENSIONS
16:30:49:0427 [com.cadence.mdv.imc.Main] [main] INFO  - Binding debug tools http on port: 41416
16:30:50:0005 [com.cadence.mdv.bl.impl.core.blNative.MDVEntitySimpleFallbackHandler] [BLNativeThread-1] ERROR - Slim entity had to fallback because someone asked about CROSS_DIMENSIONS
16:30:50:0008 [com.cadence.mdv.bl.impl.core.blNative.MDVEntitySimpleFallbackHandler] [BLNativeThread-1] ERROR - Slim entity had to fallback because someone asked about CROSS_DIMENSIONS
16:30:50:0008 [com.cadence.mdv.bl.impl.core.blNative.MDVEntitySimpleFallbackHandler] [BLNativeThread-1] ERROR - Slim entity had to fallback because someone asked about CROSS_DIMENSIONS
16:30:50:0009 [com.cadence.mdv.bl.impl.core.blNative.MDVEntitySimpleFallbackHandler] [BLNativeThread-1] ERROR - Slim entity had to fallback because someone asked about CROSS_DIMENSIONS
16:30:50:0011 [com.cadence.mdv.bl.impl.core.blNative.MDVEntitySimpleFallbackHandler] [BLNativeThread-1] ERROR - Slim entity had to fallback because someone asked about CROSS_DIMENSIONS
16:30:50:0011 [com.cadence.mdv.bl.impl.core.blNative.MDVEntitySimpleFallbackHandler] [BLNativeThread-1] ERROR - Slim entity had to fallback because someone asked about CROSS_DIMENSIONS
16:30:50:0013 [com.cadence.mdv.bl.impl.core.blNative.MDVEntitySimpleFallbackHandler] [BLNativeThread-1] ERROR - Slim entity had to fallback because someone asked about CROSS_DIMENSIONS
